<?xml version="1.0" encoding="UTF-8"?>
<testsuite xmlns:xsi="http://www.w3.org/2001/XMLSchema-instance" xsi:noNamespaceSchemaLocation="https://maven.apache.org/surefire/maven-surefire-plugin/xsd/surefire-test-report.xsd" name="javabrewers.bespokejewelerblog.service.BespokeJewelerBlogServiceImplTest" time="0.078" tests="5" errors="0" skipped="0" failures="0">
  <properties>
[...]
</properties>
  <testcase name="testEditPost" classname="javabrewers.bespokejewelerblog.service.BespokeJewelerBlogServiceImplTest" time="0.019"/>
  <testcase name="testAddNewPost" classname="javabrewers.bespokejewelerblog.service.BespokeJewelerBlogServiceImplTest" time="0.013"/>
  <testcase name="testGetAllPosts" classname="javabrewers.bespokejewelerblog.service.BespokeJewelerBlogServiceImplTest" time="0.006"/>
  <testcase name="testGetPost" classname="javabrewers.bespokejewelerblog.service.BespokeJewelerBlogServiceImplTest" time="0.008"/>
  <testcase name="testDeletePost" classname="javabrewers.bespokejewelerblog.service.BespokeJewelerBlogServiceImplTest" time="0.008"/>
</testsuite>